<?xml version="1.0" encoding="UTF-8"?>
<coverage generated="1667396000095" clover="3.2.0">
  <project timestamp="1667396000095" name="All files">
    <metrics statements="136" coveredstatements="134" conditionals="28" coveredconditionals="25" methods="33" coveredmethods="33" elements="197" coveredelements="192" complexity="0" loc="136" ncloc="136" packages="3" files="3" classes="3"/>
    <package name="presets">
      <metrics statements="23" coveredstatements="23" conditionals="4" coveredconditionals="3" methods="8" coveredmethods="8"/>
      <file name="epsg4326ToEpsg3857Presets.ts" path="/Users/swedberg/Workspaces/map-tile-adapter/src/presets/epsg4326ToEpsg3857Presets.ts">
        <metrics statements="23" coveredstatements="23" conditionals="4" coveredconditionals="3" methods="8" coveredmethods="8"/>
        <line num="9" count="1" type="stmt"/>
        <line num="10" count="7" type="stmt"/>
        <line num="11" count="7" type="stmt"/>
        <line num="14" count="1" type="stmt"/>
        <line num="15" count="7" type="stmt"/>
        <line num="16" count="7" type="stmt"/>
        <line num="19" count="1" type="stmt"/>
        <line num="20" count="5" type="stmt"/>
        <line num="23" count="1" type="stmt"/>
        <line num="24" count="7" type="stmt"/>
        <line num="25" count="7" type="stmt"/>
        <line num="31" count="1" type="stmt"/>
        <line num="35" count="8" type="stmt"/>
        <line num="39" count="8" type="stmt"/>
        <line num="40" count="8" type="cond" truecount="1" falsecount="1"/>
        <line num="41" count="8" type="stmt"/>
        <line num="42" count="17" type="stmt"/>
        <line num="43" count="17" type="stmt"/>
        <line num="47" count="1" type="stmt"/>
        <line num="53" count="1" type="stmt"/>
        <line num="62" count="34" type="stmt"/>
        <line num="65" count="34" type="stmt"/>
        <line num="70" count="8" type="stmt"/>
      </file>
    </package>
    <package name="proj">
      <metrics statements="75" coveredstatements="75" conditionals="10" coveredconditionals="10" methods="13" coveredmethods="13"/>
      <file name="epsg3857.ts" path="/Users/swedberg/Workspaces/map-tile-adapter/src/proj/epsg3857.ts">
        <metrics statements="75" coveredstatements="75" conditionals="10" coveredconditionals="10" methods="13" coveredmethods="13"/>
        <line num="6" count="2" type="stmt"/>
        <line num="9" count="2" type="stmt"/>
        <line num="12" count="2" type="stmt"/>
        <line num="15" count="2" type="stmt"/>
        <line num="18" count="2" type="stmt"/>
        <line num="25" count="2" type="stmt"/>
        <line num="26" count="47" type="stmt"/>
        <line num="35" count="2" type="stmt"/>
        <line num="36" count="10" type="stmt"/>
        <line num="37" count="10" type="stmt"/>
        <line num="38" count="10" type="stmt"/>
        <line num="39" count="10" type="stmt"/>
        <line num="48" count="2" type="stmt"/>
        <line num="49" count="26" type="stmt"/>
        <line num="50" count="26" type="stmt"/>
        <line num="51" count="26" type="stmt"/>
        <line num="52" count="26" type="stmt"/>
        <line num="61" count="2" type="stmt"/>
        <line num="62" count="22" type="stmt"/>
        <line num="63" count="22" type="stmt"/>
        <line num="64" count="22" type="stmt"/>
        <line num="65" count="22" type="stmt"/>
        <line num="74" count="2" type="stmt"/>
        <line num="75" count="22" type="stmt"/>
        <line num="76" count="22" type="stmt"/>
        <line num="77" count="22" type="stmt"/>
        <line num="78" count="22" type="stmt"/>
        <line num="86" count="2" type="stmt"/>
        <line num="87" count="15" type="stmt"/>
        <line num="88" count="15" type="stmt"/>
        <line num="89" count="15" type="stmt"/>
        <line num="98" count="2" type="stmt"/>
        <line num="99" count="24" type="stmt"/>
        <line num="111" count="2" type="stmt"/>
        <line num="120" count="2" type="stmt"/>
        <line num="121" count="5" type="stmt"/>
        <line num="122" count="5" type="stmt"/>
        <line num="123" count="5" type="stmt"/>
        <line num="133" count="2" type="stmt"/>
        <line num="134" count="5" type="stmt"/>
        <line num="135" count="5" type="stmt"/>
        <line num="144" count="2" type="stmt"/>
        <line num="145" count="5" type="stmt"/>
        <line num="149" count="5" type="stmt"/>
        <line num="153" count="5" type="stmt"/>
        <line num="162" count="10" type="stmt"/>
        <line num="170" count="2" type="stmt"/>
        <line num="177" count="2" type="stmt"/>
        <line num="178" count="9" type="stmt"/>
        <line num="179" count="9" type="stmt"/>
        <line num="180" count="9" type="stmt"/>
        <line num="181" count="40" type="stmt"/>
        <line num="182" count="40" type="stmt"/>
        <line num="183" count="40" type="cond" truecount="2" falsecount="0"/>
        <line num="184" count="16" type="stmt"/>
        <line num="186" count="40" type="cond" truecount="2" falsecount="0"/>
        <line num="187" count="16" type="stmt"/>
        <line num="189" count="40" type="stmt"/>
        <line num="191" count="9" type="stmt"/>
        <line num="199" count="2" type="stmt"/>
        <line num="200" count="9" type="stmt"/>
        <line num="201" count="9" type="stmt"/>
        <line num="202" count="9" type="stmt"/>
        <line num="203" count="9" type="stmt"/>
        <line num="204" count="40" type="stmt"/>
        <line num="205" count="40" type="stmt"/>
        <line num="206" count="40" type="cond" truecount="2" falsecount="0"/>
        <line num="207" count="10" type="stmt"/>
        <line num="209" count="40" type="cond" truecount="2" falsecount="0"/>
        <line num="210" count="10" type="stmt"/>
        <line num="212" count="40" type="cond" truecount="2" falsecount="0"/>
        <line num="213" count="6" type="stmt"/>
        <line num="214" count="6" type="stmt"/>
        <line num="217" count="9" type="stmt"/>
        <line num="218" count="9" type="stmt"/>
      </file>
    </package>
    <package name="util">
      <metrics statements="38" coveredstatements="36" conditionals="14" coveredconditionals="12" methods="12" coveredmethods="12"/>
      <file name="cache.ts" path="/Users/swedberg/Workspaces/map-tile-adapter/src/util/cache.ts">
        <metrics statements="38" coveredstatements="36" conditionals="14" coveredconditionals="12" methods="12" coveredmethods="12"/>
        <line num="14" count="1" type="stmt"/>
        <line num="20" count="5" type="stmt"/>
        <line num="21" count="5" type="stmt"/>
        <line num="24" count="5" type="stmt"/>
        <line num="31" count="7" type="stmt"/>
        <line num="32" count="7" type="cond" truecount="2" falsecount="0"/>
        <line num="33" count="3" type="stmt"/>
        <line num="34" count="3" type="cond" truecount="1" falsecount="1"/>
        <line num="35" count="0" type="stmt"/>
        <line num="36" count="0" type="stmt"/>
        <line num="38" count="3" type="stmt"/>
        <line num="39" count="3" type="stmt"/>
        <line num="44" count="2" type="stmt"/>
        <line num="45" count="2" type="cond" truecount="1" falsecount="1"/>
        <line num="46" count="2" type="stmt"/>
        <line num="47" count="2" type="stmt"/>
        <line num="52" count="7" type="stmt"/>
        <line num="53" count="7" type="stmt"/>
        <line num="57" count="7" type="stmt"/>
        <line num="58" count="7" type="cond" truecount="2" falsecount="0"/>
        <line num="59" count="8" type="stmt"/>
        <line num="60" count="7" type="stmt"/>
        <line num="61" count="7" type="stmt"/>
        <line num="65" count="9" type="stmt"/>
        <line num="66" count="9" type="cond" truecount="2" falsecount="0"/>
        <line num="68" count="1" type="stmt"/>
        <line num="69" count="1" type="stmt"/>
        <line num="70" count="8" type="cond" truecount="2" falsecount="0"/>
        <line num="72" count="1" type="stmt"/>
        <line num="73" count="1" type="stmt"/>
        <line num="76" count="7" type="stmt"/>
        <line num="79" count="7" type="stmt"/>
        <line num="80" count="6" type="stmt"/>
        <line num="81" count="1" type="stmt"/>
        <line num="86" count="9" type="stmt"/>
        <line num="87" count="9" type="stmt"/>
        <line num="88" count="9" type="cond" truecount="2" falsecount="0"/>
        <line num="89" count="8" type="stmt"/>
      </file>
    </package>
  </project>
</coverage>
