{"/Users/swedberg/Workspaces/map-tile-adapter/src/presets/epsg4326ToEpsg3857Presets.ts": {"path":"/Users/swedberg/Workspaces/map-tile-adapter/src/presets/epsg4326ToEpsg3857Presets.ts","statementMap":{"0":{"start":{"line":9,"column":49},"end":{"line":12,"column":1}},"1":{"start":{"line":10,"column":12},"end":{"line":10,"column":46}},"2":{"start":{"line":11,"column":2},"end":{"line":11,"column":49}},"3":{"start":{"line":14,"column":49},"end":{"line":17,"column":1}},"4":{"start":{"line":15,"column":12},"end":{"line":15,"column":52}},"5":{"start":{"line":16,"column":2},"end":{"line":16,"column":43}},"6":{"start":{"line":19,"column":51},"end":{"line":21,"column":1}},"7":{"start":{"line":20,"column":2},"end":{"line":20,"column":32}},"8":{"start":{"line":23,"column":39},"end":{"line":29,"column":1}},"9":{"start":{"line":24,"column":17},"end":{"line":24,"column":41}},"10":{"start":{"line":25,"column":2},"end":{"line":28,"column":4}},"11":{"start":{"line":31,"column":37},"end":{"line":45,"column":1}},"12":{"start":{"line":35,"column":21},"end":{"line":38,"column":3}},"13":{"start":{"line":39,"column":15},"end":{"line":39,"column":41}},"14":{"start":{"line":40,"column":30},"end":{"line":40,"column":94}},"15":{"start":{"line":41,"column":2},"end":{"line":44,"column":5}},"16":{"start":{"line":42,"column":23},"end":{"line":42,"column":48}},"17":{"start":{"line":43,"column":4},"end":{"line":43,"column":26}},"18":{"start":{"line":47,"column":38},"end":{"line":49,"column":1}},"19":{"start":{"line":53,"column":41},"end":{"line":72,"column":1}},"20":{"start":{"line":62,"column":34},"end":{"line":64,"column":3}},"21":{"start":{"line":65,"column":2},"end":{"line":71,"column":4}},"22":{"start":{"line":70,"column":45},"end":{"line":70,"column":90}}},"fnMap":{"0":{"name":"(anonymous_0)","decl":{"start":{"line":9,"column":49},"end":{"line":9,"column":50}},"loc":{"start":{"line":9,"column":73},"end":{"line":12,"column":1}},"line":9},"1":{"name":"(anonymous_1)","decl":{"start":{"line":14,"column":49},"end":{"line":14,"column":50}},"loc":{"start":{"line":14,"column":73},"end":{"line":17,"column":1}},"line":14},"2":{"name":"(anonymous_2)","decl":{"start":{"line":19,"column":51},"end":{"line":19,"column":52}},"loc":{"start":{"line":19,"column":63},"end":{"line":21,"column":1}},"line":19},"3":{"name":"(anonymous_3)","decl":{"start":{"line":23,"column":39},"end":{"line":23,"column":40}},"loc":{"start":{"line":23,"column":67},"end":{"line":29,"column":1}},"line":23},"4":{"name":"(anonymous_4)","decl":{"start":{"line":31,"column":37},"end":{"line":31,"column":38}},"loc":{"start":{"line":34,"column":5},"end":{"line":45,"column":1}},"line":34},"5":{"name":"(anonymous_5)","decl":{"start":{"line":41,"column":25},"end":{"line":41,"column":26}},"loc":{"start":{"line":41,"column":33},"end":{"line":44,"column":3}},"line":41},"6":{"name":"(anonymous_6)","decl":{"start":{"line":53,"column":41},"end":{"line":53,"column":42}},"loc":{"start":{"line":61,"column":5},"end":{"line":72,"column":1}},"line":61},"7":{"name":"(anonymous_7)","decl":{"start":{"line":70,"column":34},"end":{"line":70,"column":35}},"loc":{"start":{"line":70,"column":45},"end":{"line":70,"column":90}},"line":70}},"branchMap":{"0":{"loc":{"start":{"line":40,"column":63},"end":{"line":40,"column":93}},"type":"binary-expr","locations":[{"start":{"line":40,"column":63},"end":{"line":40,"column":88}},{"start":{"line":40,"column":92},"end":{"line":40,"column":93}}],"line":40},"1":{"loc":{"start":{"line":63,"column":16},"end":{"line":63,"column":64}},"type":"binary-expr","locations":[{"start":{"line":63,"column":16},"end":{"line":63,"column":35}},{"start":{"line":63,"column":39},"end":{"line":63,"column":64}}],"line":63}},"s":{"0":1,"1":7,"2":7,"3":1,"4":7,"5":7,"6":1,"7":5,"8":1,"9":7,"10":7,"11":1,"12":8,"13":8,"14":8,"15":8,"16":17,"17":17,"18":1,"19":1,"20":34,"21":34,"22":8},"f":{"0":7,"1":7,"2":5,"3":7,"4":8,"5":17,"6":34,"7":8},"b":{"0":[8,0],"1":[34,32]},"_coverageSchema":"1a1c01bbd47fc00a2c39e90264f33305004495a9","hash":"a58bdd1fac520016f89dbb842b355c76e2e90366"}
,"/Users/swedberg/Workspaces/map-tile-adapter/src/proj/epsg3857.ts": {"path":"/Users/swedberg/Workspaces/map-tile-adapter/src/proj/epsg3857.ts","statementMap":{"0":{"start":{"line":6,"column":12},"end":{"line":6,"column":25}},"1":{"start":{"line":9,"column":12},"end":{"line":9,"column":25}},"2":{"start":{"line":12,"column":21},"end":{"line":12,"column":28}},"3":{"start":{"line":15,"column":28},"end":{"line":15,"column":54}},"4":{"start":{"line":18,"column":21},"end":{"line":18,"column":43}},"5":{"start":{"line":25,"column":29},"end":{"line":27,"column":1}},"6":{"start":{"line":26,"column":2},"end":{"line":26,"column":56}},"7":{"start":{"line":35,"column":30},"end":{"line":40,"column":1}},"8":{"start":{"line":36,"column":13},"end":{"line":36,"column":37}},"9":{"start":{"line":37,"column":11},"end":{"line":37,"column":65}},"10":{"start":{"line":38,"column":2},"end":{"line":38,"column":31}},"11":{"start":{"line":39,"column":2},"end":{"line":39,"column":18}},"12":{"start":{"line":48,"column":30},"end":{"line":53,"column":1}},"13":{"start":{"line":49,"column":14},"end":{"line":49,"column":37}},"14":{"start":{"line":50,"column":12},"end":{"line":50,"column":35}},"15":{"start":{"line":51,"column":2},"end":{"line":51,"column":67}},"16":{"start":{"line":52,"column":2},"end":{"line":52,"column":20}},"17":{"start":{"line":61,"column":30},"end":{"line":66,"column":1}},"18":{"start":{"line":62,"column":14},"end":{"line":62,"column":43}},"19":{"start":{"line":63,"column":13},"end":{"line":63,"column":38}},"20":{"start":{"line":64,"column":13},"end":{"line":64,"column":38}},"21":{"start":{"line":65,"column":2},"end":{"line":65,"column":18}},"22":{"start":{"line":74,"column":30},"end":{"line":79,"column":1}},"23":{"start":{"line":75,"column":14},"end":{"line":75,"column":43}},"24":{"start":{"line":76,"column":13},"end":{"line":76,"column":36}},"25":{"start":{"line":77,"column":13},"end":{"line":77,"column":36}},"26":{"start":{"line":78,"column":2},"end":{"line":78,"column":18}},"27":{"start":{"line":86,"column":28},"end":{"line":90,"column":1}},"28":{"start":{"line":87,"column":13},"end":{"line":87,"column":53}},"29":{"start":{"line":88,"column":13},"end":{"line":88,"column":53}},"30":{"start":{"line":89,"column":2},"end":{"line":89,"column":24}},"31":{"start":{"line":98,"column":36},"end":{"line":103,"column":1}},"32":{"start":{"line":99,"column":2},"end":{"line":102,"column":4}},"33":{"start":{"line":111,"column":37},"end":{"line":111,"column":57}},"34":{"start":{"line":120,"column":28},"end":{"line":124,"column":1}},"35":{"start":{"line":121,"column":17},"end":{"line":121,"column":39}},"36":{"start":{"line":122,"column":17},"end":{"line":122,"column":55}},"37":{"start":{"line":123,"column":2},"end":{"line":123,"column":46}},"38":{"start":{"line":133,"column":28},"end":{"line":136,"column":1}},"39":{"start":{"line":134,"column":17},"end":{"line":134,"column":51}},"40":{"start":{"line":135,"column":2},"end":{"line":135,"column":46}},"41":{"start":{"line":144,"column":25},"end":{"line":154,"column":1}},"42":{"start":{"line":145,"column":23},"end":{"line":148,"column":17}},"43":{"start":{"line":149,"column":23},"end":{"line":152,"column":17}},"44":{"start":{"line":153,"column":2},"end":{"line":153,"column":34}},"45":{"start":{"line":162,"column":24},"end":{"line":162,"column":73}},"46":{"start":{"line":162,"column":49},"end":{"line":162,"column":73}},"47":{"start":{"line":170,"column":24},"end":{"line":170,"column":32}},"48":{"start":{"line":177,"column":29},"end":{"line":192,"column":1}},"49":{"start":{"line":178,"column":16},"end":{"line":178,"column":18}},"50":{"start":{"line":179,"column":13},"end":{"line":179,"column":27}},"51":{"start":{"line":180,"column":2},"end":{"line":190,"column":3}},"52":{"start":{"line":180,"column":15},"end":{"line":180,"column":16}},"53":{"start":{"line":181,"column":16},"end":{"line":181,"column":17}},"54":{"start":{"line":182,"column":17},"end":{"line":182,"column":29}},"55":{"start":{"line":183,"column":4},"end":{"line":185,"column":5}},"56":{"start":{"line":184,"column":8},"end":{"line":184,"column":19}},"57":{"start":{"line":186,"column":4},"end":{"line":188,"column":5}},"58":{"start":{"line":187,"column":8},"end":{"line":187,"column":19}},"59":{"start":{"line":189,"column":4},"end":{"line":189,"column":32}},"60":{"start":{"line":191,"column":2},"end":{"line":191,"column":17}},"61":{"start":{"line":199,"column":29},"end":{"line":219,"column":1}},"62":{"start":{"line":200,"column":11},"end":{"line":200,"column":12}},"63":{"start":{"line":201,"column":11},"end":{"line":201,"column":12}},"64":{"start":{"line":202,"column":15},"end":{"line":202,"column":29}},"65":{"start":{"line":203,"column":2},"end":{"line":216,"column":3}},"66":{"start":{"line":203,"column":15},"end":{"line":203,"column":16}},"67":{"start":{"line":204,"column":16},"end":{"line":204,"column":24}},"68":{"start":{"line":205,"column":17},"end":{"line":205,"column":31}},"69":{"start":{"line":206,"column":4},"end":{"line":208,"column":5}},"70":{"start":{"line":207,"column":6},"end":{"line":207,"column":17}},"71":{"start":{"line":209,"column":4},"end":{"line":211,"column":5}},"72":{"start":{"line":210,"column":6},"end":{"line":210,"column":17}},"73":{"start":{"line":212,"column":4},"end":{"line":215,"column":5}},"74":{"start":{"line":213,"column":6},"end":{"line":213,"column":17}},"75":{"start":{"line":214,"column":6},"end":{"line":214,"column":17}},"76":{"start":{"line":217,"column":2},"end":{"line":217,"column":26}},"77":{"start":{"line":218,"column":2},"end":{"line":218,"column":24}}},"fnMap":{"0":{"name":"(anonymous_0)","decl":{"start":{"line":25,"column":29},"end":{"line":25,"column":30}},"loc":{"start":{"line":25,"column":65},"end":{"line":27,"column":1}},"line":25},"1":{"name":"(anonymous_1)","decl":{"start":{"line":35,"column":30},"end":{"line":35,"column":31}},"loc":{"start":{"line":35,"column":56},"end":{"line":40,"column":1}},"line":35},"2":{"name":"(anonymous_2)","decl":{"start":{"line":48,"column":30},"end":{"line":48,"column":31}},"loc":{"start":{"line":48,"column":54},"end":{"line":53,"column":1}},"line":48},"3":{"name":"(anonymous_3)","decl":{"start":{"line":61,"column":30},"end":{"line":61,"column":31}},"loc":{"start":{"line":61,"column":86},"end":{"line":66,"column":1}},"line":61},"4":{"name":"(anonymous_4)","decl":{"start":{"line":74,"column":30},"end":{"line":74,"column":31}},"loc":{"start":{"line":74,"column":86},"end":{"line":79,"column":1}},"line":74},"5":{"name":"(anonymous_5)","decl":{"start":{"line":86,"column":28},"end":{"line":86,"column":29}},"loc":{"start":{"line":86,"column":84},"end":{"line":90,"column":1}},"line":86},"6":{"name":"(anonymous_6)","decl":{"start":{"line":98,"column":36},"end":{"line":98,"column":37}},"loc":{"start":{"line":98,"column":92},"end":{"line":103,"column":1}},"line":98},"7":{"name":"(anonymous_7)","decl":{"start":{"line":120,"column":28},"end":{"line":120,"column":29}},"loc":{"start":{"line":120,"column":82},"end":{"line":124,"column":1}},"line":120},"8":{"name":"(anonymous_8)","decl":{"start":{"line":133,"column":28},"end":{"line":133,"column":29}},"loc":{"start":{"line":133,"column":78},"end":{"line":136,"column":1}},"line":133},"9":{"name":"(anonymous_9)","decl":{"start":{"line":144,"column":25},"end":{"line":144,"column":26}},"loc":{"start":{"line":144,"column":68},"end":{"line":154,"column":1}},"line":144},"10":{"name":"(anonymous_10)","decl":{"start":{"line":162,"column":24},"end":{"line":162,"column":25}},"loc":{"start":{"line":162,"column":49},"end":{"line":162,"column":73}},"line":162},"11":{"name":"(anonymous_11)","decl":{"start":{"line":177,"column":29},"end":{"line":177,"column":30}},"loc":{"start":{"line":177,"column":54},"end":{"line":192,"column":1}},"line":177},"12":{"name":"(anonymous_12)","decl":{"start":{"line":199,"column":29},"end":{"line":199,"column":30}},"loc":{"start":{"line":199,"column":50},"end":{"line":219,"column":1}},"line":199}},"branchMap":{"0":{"loc":{"start":{"line":183,"column":4},"end":{"line":185,"column":5}},"type":"if","locations":[{"start":{"line":183,"column":4},"end":{"line":185,"column":5}},{"start":{},"end":{}}],"line":183},"1":{"loc":{"start":{"line":186,"column":4},"end":{"line":188,"column":5}},"type":"if","locations":[{"start":{"line":186,"column":4},"end":{"line":188,"column":5}},{"start":{},"end":{}}],"line":186},"2":{"loc":{"start":{"line":206,"column":4},"end":{"line":208,"column":5}},"type":"if","locations":[{"start":{"line":206,"column":4},"end":{"line":208,"column":5}},{"start":{},"end":{}}],"line":206},"3":{"loc":{"start":{"line":209,"column":4},"end":{"line":211,"column":5}},"type":"if","locations":[{"start":{"line":209,"column":4},"end":{"line":211,"column":5}},{"start":{},"end":{}}],"line":209},"4":{"loc":{"start":{"line":212,"column":4},"end":{"line":215,"column":5}},"type":"if","locations":[{"start":{"line":212,"column":4},"end":{"line":215,"column":5}},{"start":{},"end":{}}],"line":212}},"s":{"0":2,"1":2,"2":2,"3":2,"4":2,"5":2,"6":47,"7":2,"8":10,"9":10,"10":10,"11":10,"12":2,"13":26,"14":26,"15":26,"16":26,"17":2,"18":22,"19":22,"20":22,"21":22,"22":2,"23":22,"24":22,"25":22,"26":22,"27":2,"28":15,"29":15,"30":15,"31":2,"32":24,"33":2,"34":2,"35":5,"36":5,"37":5,"38":2,"39":5,"40":5,"41":2,"42":5,"43":5,"44":5,"45":2,"46":10,"47":2,"48":2,"49":9,"50":9,"51":9,"52":9,"53":40,"54":40,"55":40,"56":16,"57":40,"58":16,"59":40,"60":9,"61":2,"62":9,"63":9,"64":9,"65":9,"66":9,"67":40,"68":40,"69":40,"70":10,"71":40,"72":10,"73":40,"74":6,"75":6,"76":9,"77":9},"f":{"0":47,"1":10,"2":26,"3":22,"4":22,"5":15,"6":24,"7":5,"8":5,"9":5,"10":10,"11":9,"12":9},"b":{"0":[16,24],"1":[16,24],"2":[10,30],"3":[10,30],"4":[6,34]},"_coverageSchema":"1a1c01bbd47fc00a2c39e90264f33305004495a9","hash":"1329dbffc28b8da5a22bb9347b397249da4ecbdb"}
,"/Users/swedberg/Workspaces/map-tile-adapter/src/util/cache.ts": {"path":"/Users/swedberg/Workspaces/map-tile-adapter/src/util/cache.ts","statementMap":{"0":{"start":{"line":14,"column":50},"end":{"line":16,"column":1}},"1":{"start":{"line":20,"column":62},"end":{"line":20,"column":64}},"2":{"start":{"line":21,"column":26},"end":{"line":21,"column":28}},"3":{"start":{"line":24,"column":4},"end":{"line":27,"column":6}},"4":{"start":{"line":31,"column":12},"end":{"line":31,"column":13}},"5":{"start":{"line":32,"column":4},"end":{"line":40,"column":5}},"6":{"start":{"line":33,"column":18},"end":{"line":33,"column":29}},"7":{"start":{"line":34,"column":6},"end":{"line":37,"column":7}},"8":{"start":{"line":35,"column":8},"end":{"line":35,"column":15}},"9":{"start":{"line":36,"column":8},"end":{"line":36,"column":17}},"10":{"start":{"line":38,"column":6},"end":{"line":38,"column":29}},"11":{"start":{"line":39,"column":6},"end":{"line":39,"column":28}},"12":{"start":{"line":44,"column":22},"end":{"line":44,"column":43}},"13":{"start":{"line":45,"column":4},"end":{"line":48,"column":5}},"14":{"start":{"line":46,"column":6},"end":{"line":46,"column":36}},"15":{"start":{"line":47,"column":6},"end":{"line":47,"column":25}},"16":{"start":{"line":52,"column":4},"end":{"line":52,"column":27}},"17":{"start":{"line":53,"column":4},"end":{"line":53,"column":23}},"18":{"start":{"line":57,"column":4},"end":{"line":57,"column":32}},"19":{"start":{"line":58,"column":4},"end":{"line":58,"column":50}},"20":{"start":{"line":58,"column":15},"end":{"line":58,"column":50}},"21":{"start":{"line":59,"column":4},"end":{"line":59,"column":74}},"22":{"start":{"line":59,"column":51},"end":{"line":59,"column":72}},"23":{"start":{"line":60,"column":4},"end":{"line":60,"column":37}},"24":{"start":{"line":61,"column":4},"end":{"line":61,"column":35}},"25":{"start":{"line":65,"column":62},"end":{"line":65,"column":77}},"26":{"start":{"line":66,"column":4},"end":{"line":82,"column":5}},"27":{"start":{"line":68,"column":6},"end":{"line":68,"column":26}},"28":{"start":{"line":69,"column":6},"end":{"line":69,"column":48}},"29":{"start":{"line":70,"column":11},"end":{"line":82,"column":5}},"30":{"start":{"line":72,"column":6},"end":{"line":72,"column":26}},"31":{"start":{"line":73,"column":6},"end":{"line":73,"column":41}},"32":{"start":{"line":76,"column":6},"end":{"line":78,"column":9}},"33":{"start":{"line":79,"column":6},"end":{"line":81,"column":56}},"34":{"start":{"line":80,"column":23},"end":{"line":80,"column":47}},"35":{"start":{"line":81,"column":24},"end":{"line":81,"column":54}},"36":{"start":{"line":86,"column":4},"end":{"line":91,"column":7}},"37":{"start":{"line":87,"column":6},"end":{"line":90,"column":9}},"38":{"start":{"line":88,"column":8},"end":{"line":88,"column":40}},"39":{"start":{"line":88,"column":19},"end":{"line":88,"column":40}},"40":{"start":{"line":89,"column":8},"end":{"line":89,"column":22}}},"fnMap":{"0":{"name":"(anonymous_0)","decl":{"start":{"line":23,"column":2},"end":{"line":23,"column":3}},"loc":{"start":{"line":23,"column":47},"end":{"line":28,"column":3}},"line":23},"1":{"name":"(anonymous_1)","decl":{"start":{"line":30,"column":2},"end":{"line":30,"column":3}},"loc":{"start":{"line":30,"column":36},"end":{"line":41,"column":3}},"line":30},"2":{"name":"(anonymous_2)","decl":{"start":{"line":43,"column":2},"end":{"line":43,"column":3}},"loc":{"start":{"line":43,"column":33},"end":{"line":49,"column":3}},"line":43},"3":{"name":"(anonymous_3)","decl":{"start":{"line":51,"column":2},"end":{"line":51,"column":3}},"loc":{"start":{"line":51,"column":66},"end":{"line":54,"column":3}},"line":51},"4":{"name":"(anonymous_4)","decl":{"start":{"line":56,"column":2},"end":{"line":56,"column":3}},"loc":{"start":{"line":56,"column":67},"end":{"line":62,"column":3}},"line":56},"5":{"name":"(anonymous_5)","decl":{"start":{"line":59,"column":39},"end":{"line":59,"column":40}},"loc":{"start":{"line":59,"column":51},"end":{"line":59,"column":72}},"line":59},"6":{"name":"(anonymous_6)","decl":{"start":{"line":64,"column":2},"end":{"line":64,"column":3}},"loc":{"start":{"line":64,"column":75},"end":{"line":83,"column":3}},"line":64},"7":{"name":"(anonymous_7)","decl":{"start":{"line":80,"column":14},"end":{"line":80,"column":15}},"loc":{"start":{"line":80,"column":23},"end":{"line":80,"column":47}},"line":80},"8":{"name":"(anonymous_8)","decl":{"start":{"line":81,"column":15},"end":{"line":81,"column":16}},"loc":{"start":{"line":81,"column":24},"end":{"line":81,"column":54}},"line":81},"9":{"name":"(anonymous_9)","decl":{"start":{"line":85,"column":2},"end":{"line":85,"column":3}},"loc":{"start":{"line":85,"column":51},"end":{"line":92,"column":3}},"line":85},"10":{"name":"(anonymous_10)","decl":{"start":{"line":86,"column":23},"end":{"line":86,"column":24}},"loc":{"start":{"line":86,"column":44},"end":{"line":91,"column":5}},"line":86},"11":{"name":"(anonymous_11)","decl":{"start":{"line":87,"column":26},"end":{"line":87,"column":27}},"loc":{"start":{"line":87,"column":43},"end":{"line":90,"column":7}},"line":87}},"branchMap":{"0":{"loc":{"start":{"line":32,"column":11},"end":{"line":32,"column":74}},"type":"binary-expr","locations":[{"start":{"line":32,"column":11},"end":{"line":32,"column":30}},{"start":{"line":32,"column":34},"end":{"line":32,"column":74}}],"line":32},"1":{"loc":{"start":{"line":34,"column":6},"end":{"line":37,"column":7}},"type":"if","locations":[{"start":{"line":34,"column":6},"end":{"line":37,"column":7}},{"start":{},"end":{}}],"line":34},"2":{"loc":{"start":{"line":45,"column":4},"end":{"line":48,"column":5}},"type":"if","locations":[{"start":{"line":45,"column":4},"end":{"line":48,"column":5}},{"start":{},"end":{}}],"line":45},"3":{"loc":{"start":{"line":58,"column":4},"end":{"line":58,"column":50}},"type":"if","locations":[{"start":{"line":58,"column":4},"end":{"line":58,"column":50}},{"start":{},"end":{}}],"line":58},"4":{"loc":{"start":{"line":66,"column":4},"end":{"line":82,"column":5}},"type":"if","locations":[{"start":{"line":66,"column":4},"end":{"line":82,"column":5}},{"start":{"line":70,"column":11},"end":{"line":82,"column":5}}],"line":66},"5":{"loc":{"start":{"line":70,"column":11},"end":{"line":82,"column":5}},"type":"if","locations":[{"start":{"line":70,"column":11},"end":{"line":82,"column":5}},{"start":{"line":74,"column":11},"end":{"line":82,"column":5}}],"line":70},"6":{"loc":{"start":{"line":88,"column":8},"end":{"line":88,"column":40}},"type":"if","locations":[{"start":{"line":88,"column":8},"end":{"line":88,"column":40}},{"start":{},"end":{}}],"line":88}},"s":{"0":1,"1":5,"2":5,"3":5,"4":7,"5":7,"6":3,"7":3,"8":0,"9":0,"10":3,"11":3,"12":2,"13":2,"14":2,"15":2,"16":7,"17":7,"18":7,"19":7,"20":1,"21":7,"22":8,"23":7,"24":7,"25":9,"26":9,"27":1,"28":1,"29":8,"30":1,"31":1,"32":7,"33":7,"34":6,"35":1,"36":9,"37":9,"38":9,"39":1,"40":8},"f":{"0":5,"1":7,"2":2,"3":7,"4":7,"5":8,"6":9,"7":6,"8":1,"9":9,"10":9,"11":9},"b":{"0":[10,10],"1":[0,3],"2":[2,0],"3":[1,6],"4":[1,8],"5":[1,7],"6":[1,8]},"_coverageSchema":"1a1c01bbd47fc00a2c39e90264f33305004495a9","hash":"ee28ea8222c1b17c3f36dfe32d8ddbf0395344bf"}
}
