TN:
SF:src/presets/epsg4326ToEpsg3857Presets.ts
FN:9,(anonymous_0)
FN:14,(anonymous_1)
FN:19,(anonymous_2)
FN:23,(anonymous_3)
FN:31,(anonymous_4)
FN:41,(anonymous_5)
FN:53,(anonymous_6)
FN:70,(anonymous_7)
FNF:8
FNH:8
FNDA:7,(anonymous_0)
FNDA:7,(anonymous_1)
FNDA:5,(anonymous_2)
FNDA:7,(anonymous_3)
FNDA:8,(anonymous_4)
FNDA:17,(anonymous_5)
FNDA:34,(anonymous_6)
FNDA:8,(anonymous_7)
DA:9,1
DA:10,7
DA:11,7
DA:14,1
DA:15,7
DA:16,7
DA:19,1
DA:20,5
DA:23,1
DA:24,7
DA:25,7
DA:31,1
DA:35,8
DA:39,8
DA:40,8
DA:41,8
DA:42,17
DA:43,17
DA:47,1
DA:53,1
DA:62,34
DA:65,34
DA:70,8
LF:23
LH:23
BRDA:40,0,0,8
BRDA:40,0,1,0
BRDA:63,1,0,34
BRDA:63,1,1,32
BRF:4
BRH:3
end_of_record
TN:
SF:src/proj/epsg3857.ts
FN:25,(anonymous_0)
FN:35,(anonymous_1)
FN:48,(anonymous_2)
FN:61,(anonymous_3)
FN:74,(anonymous_4)
FN:86,(anonymous_5)
FN:98,(anonymous_6)
FN:120,(anonymous_7)
FN:133,(anonymous_8)
FN:144,(anonymous_9)
FN:162,(anonymous_10)
FN:177,(anonymous_11)
FN:199,(anonymous_12)
FNF:13
FNH:13
FNDA:47,(anonymous_0)
FNDA:10,(anonymous_1)
FNDA:26,(anonymous_2)
FNDA:22,(anonymous_3)
FNDA:22,(anonymous_4)
FNDA:15,(anonymous_5)
FNDA:24,(anonymous_6)
FNDA:5,(anonymous_7)
FNDA:5,(anonymous_8)
FNDA:5,(anonymous_9)
FNDA:10,(anonymous_10)
FNDA:9,(anonymous_11)
FNDA:9,(anonymous_12)
DA:6,2
DA:9,2
DA:12,2
DA:15,2
DA:18,2
DA:25,2
DA:26,47
DA:35,2
DA:36,10
DA:37,10
DA:38,10
DA:39,10
DA:48,2
DA:49,26
DA:50,26
DA:51,26
DA:52,26
DA:61,2
DA:62,22
DA:63,22
DA:64,22
DA:65,22
DA:74,2
DA:75,22
DA:76,22
DA:77,22
DA:78,22
DA:86,2
DA:87,15
DA:88,15
DA:89,15
DA:98,2
DA:99,24
DA:111,2
DA:120,2
DA:121,5
DA:122,5
DA:123,5
DA:133,2
DA:134,5
DA:135,5
DA:144,2
DA:145,5
DA:149,5
DA:153,5
DA:162,10
DA:170,2
DA:177,2
DA:178,9
DA:179,9
DA:180,9
DA:181,40
DA:182,40
DA:183,40
DA:184,16
DA:186,40
DA:187,16
DA:189,40
DA:191,9
DA:199,2
DA:200,9
DA:201,9
DA:202,9
DA:203,9
DA:204,40
DA:205,40
DA:206,40
DA:207,10
DA:209,40
DA:210,10
DA:212,40
DA:213,6
DA:214,6
DA:217,9
DA:218,9
LF:75
LH:75
BRDA:183,0,0,16
BRDA:183,0,1,24
BRDA:186,1,0,16
BRDA:186,1,1,24
BRDA:206,2,0,10
BRDA:206,2,1,30
BRDA:209,3,0,10
BRDA:209,3,1,30
BRDA:212,4,0,6
BRDA:212,4,1,34
BRF:10
BRH:10
end_of_record
TN:
SF:src/util/cache.ts
FN:23,(anonymous_0)
FN:30,(anonymous_1)
FN:43,(anonymous_2)
FN:51,(anonymous_3)
FN:56,(anonymous_4)
FN:59,(anonymous_5)
FN:64,(anonymous_6)
FN:80,(anonymous_7)
FN:81,(anonymous_8)
FN:85,(anonymous_9)
FN:86,(anonymous_10)
FN:87,(anonymous_11)
FNF:12
FNH:12
FNDA:5,(anonymous_0)
FNDA:7,(anonymous_1)
FNDA:2,(anonymous_2)
FNDA:7,(anonymous_3)
FNDA:7,(anonymous_4)
FNDA:8,(anonymous_5)
FNDA:9,(anonymous_6)
FNDA:6,(anonymous_7)
FNDA:1,(anonymous_8)
FNDA:9,(anonymous_9)
FNDA:9,(anonymous_10)
FNDA:9,(anonymous_11)
DA:14,1
DA:20,5
DA:21,5
DA:24,5
DA:31,7
DA:32,7
DA:33,3
DA:34,3
DA:35,0
DA:36,0
DA:38,3
DA:39,3
DA:44,2
DA:45,2
DA:46,2
DA:47,2
DA:52,7
DA:53,7
DA:57,7
DA:58,7
DA:59,8
DA:60,7
DA:61,7
DA:65,9
DA:66,9
DA:68,1
DA:69,1
DA:70,8
DA:72,1
DA:73,1
DA:76,7
DA:79,7
DA:80,6
DA:81,1
DA:86,9
DA:87,9
DA:88,9
DA:89,8
LF:38
LH:36
BRDA:32,0,0,10
BRDA:32,0,1,10
BRDA:34,1,0,0
BRDA:34,1,1,3
BRDA:45,2,0,2
BRDA:45,2,1,0
BRDA:58,3,0,1
BRDA:58,3,1,6
BRDA:66,4,0,1
BRDA:66,4,1,8
BRDA:70,5,0,1
BRDA:70,5,1,7
BRDA:88,6,0,1
BRDA:88,6,1,8
BRF:14
BRH:12
end_of_record
